<?xml version="1.0" encoding="UTF-8"?>
<!-- Generated by org.testng.reporters.JUnitReportReporter -->
<testsuite hostname="DESKTOP-TVHPQL1" name="code.VariableArguments" tests="1" failures="0" timestamp="7 Jun 2018 09:26:08 GMT" time="0.014" errors="0">
  <testcase name="displayData" time="0.014" classname="code.VariableArguments"/>
</testsuite> <!-- code.VariableArguments -->
