<?xml version="1.0" encoding="UTF-8"?>
<!-- Generated by org.testng.reporters.JUnitReportReporter -->
<testsuite hostname="DESKTOP-TVHPQL1" name="code.GenFunctions" tests="2" failures="0" timestamp="5 Jun 2018 07:41:05 GMT" time="1.151" errors="0">
  <testcase name="readExcel" time="1.025" classname="code.GenFunctions"/>
  <testcase name="test1" time="0.126" classname="code.GenFunctions"/>
</testsuite> <!-- code.GenFunctions -->
