<?xml version="1.0" encoding="UTF-8"?>
<!-- Generated by org.testng.reporters.JUnitReportReporter -->
<testsuite hostname="DESKTOP-TVHPQL1" name="library.ReadExcelData" tests="1" failures="0" timestamp="5 Jun 2018 14:04:23 GMT" time="0.613" errors="0">
  <testcase name="readData" time="0.613" classname="library.ReadExcelData"/>
</testsuite> <!-- library.ReadExcelData -->
