<?xml version="1.0" encoding="UTF-8"?>
<!-- Generated by org.testng.reporters.JUnitReportReporter -->
<testsuite hostname="DESKTOP-TVHPQL1" name="code.UExcel" tests="1" failures="0" timestamp="6 Jun 2018 13:48:57 GMT" time="0.929" errors="0">
  <testcase name="readExcel" time="0.929" classname="code.UExcel"/>
</testsuite> <!-- code.UExcel -->
