<?xml version="1.0" encoding="UTF-8"?>
<!-- Generated by org.testng.reporters.JUnitReportReporter -->
<testsuite hostname="DESKTOP-TVHPQL1" name="code.DataDriving" tests="1" failures="0" timestamp="24 Jun 2018 19:22:43 GMT" time="60.577" errors="0">
  <testcase name="createNewConexion" time="60.577" classname="code.DataDriving"/>
</testsuite> <!-- code.DataDriving -->
