<?xml version="1.0" encoding="UTF-8"?>
<!-- Generated by org.testng.reporters.JUnitReportReporter -->
<testsuite hostname="DESKTOP-TVHPQL1" name="code.ReadAllExcelData" tests="1" failures="0" timestamp="5 Jun 2018 13:41:38 GMT" time="0.752" errors="0">
  <testcase name="readAllData" time="0.752" classname="code.ReadAllExcelData"/>
</testsuite> <!-- code.ReadAllExcelData -->
